<?xml version="1.0" encoding="UTF-8"?>
<testsuite name="de.jkrech.tutorial.IsbnValidatorTest" tests="7" skipped="0" failures="0" errors="0" timestamp="2022-06-29T13:53:13" hostname="jkrech" time="0.054">
  <properties/>
  <testcase name="[1] null" classname="de.jkrech.tutorial.IsbnValidatorTest" time="0.033"/>
  <testcase name="[2] " classname="de.jkrech.tutorial.IsbnValidatorTest" time="0.001"/>
  <testcase name="[3] invalid" classname="de.jkrech.tutorial.IsbnValidatorTest" time="0.001"/>
  <testcase name="[4] 3-598-21508-9" classname="de.jkrech.tutorial.IsbnValidatorTest" time="0.001"/>
  <testcase name="[5] 3-680-08783-0" classname="de.jkrech.tutorial.IsbnValidatorTest" time="0.001"/>
  <testcase name="[1] 3-598-21508-8" classname="de.jkrech.tutorial.IsbnValidatorTest" time="0.002"/>
  <testcase name="[2] 3-680-08783-7" classname="de.jkrech.tutorial.IsbnValidatorTest" time="0.0"/>
  <system-out><![CDATA[]]></system-out>
  <system-err><![CDATA[]]></system-err>
</testsuite>
